[debug] [2021-04-08T14:09:30.274Z] ----------------------------------------------------------------------
[debug] [2021-04-08T14:09:30.276Z] Command:       C:\Program Files\nodejs\node.exe C:\Users\TomeAbreu\AppData\Roaming\npm\node_modules\firebase-tools\lib\bin\firebase.js init
[debug] [2021-04-08T14:09:30.276Z] CLI Version:   9.8.0
[debug] [2021-04-08T14:09:30.277Z] Platform:      win32
[debug] [2021-04-08T14:09:30.277Z] Node Version:  v14.15.1
[debug] [2021-04-08T14:09:30.278Z] Time:          Thu Apr 08 2021 15:09:30 GMT+0100 (Hora de verão da Europa Ocidental)
[debug] [2021-04-08T14:09:30.278Z] ----------------------------------------------------------------------
[debug] 
[debug] [2021-04-08T14:09:30.280Z] >>> [apiv2][query] GET https://firebase-public.firebaseio.com/cli.json [none]
[debug] [2021-04-08T14:09:30.300Z] > command requires scopes: ["email","openid","https://www.googleapis.com/auth/cloudplatformprojects.readonly","https://www.googleapis.com/auth/firebase","https://www.googleapis.com/auth/cloud-platform"]
[debug] [2021-04-08T14:09:30.300Z] > authorizing via signed-in user
[info] 
     ######## #### ########  ######## ########     ###     ######  ########
     ##        ##  ##     ## ##       ##     ##  ##   ##  ##       ##
     ######    ##  ########  ######   ########  #########  ######  ######
     ##        ##  ##    ##  ##       ##     ## ##     ##       ## ##
     ##       #### ##     ## ######## ########  ##     ##  ######  ########

You're about to initialize a Firebase project in this directory:

  C:\Tutorials\movieflix

Before we get started, keep in mind:

  * You are currently outside your home directory

[debug] [2021-04-08T14:09:30.749Z] <<< [apiv2][status] GET https://firebase-public.firebaseio.com/cli.json 200
[debug] [2021-04-08T14:09:30.749Z] <<< [apiv2][body] GET https://firebase-public.firebaseio.com/cli.json {"cloudBuildErrorAfter":1594252800000,"cloudBuildWarnAfter":1590019200000,"defaultNode10After":1594252800000,"minVersion":"3.0.5","node8DeploysDisabledAfter":1613390400000,"node8RuntimeDisabledAfter":1615809600000,"node8WarnAfter":1600128000000}
